2018-03-23 04:42:38:771 - info: [Appium] Welcome to Appium v1.6.5
2018-03-23 04:42:38:774 - info: [Appium] Non-default server args:
2018-03-23 04:42:38:774 - info: [Appium]   log: D:\app\baseProject\src\log\AS20180323124232.log
2018-03-23 04:42:38:832 - info: [Appium] Appium REST http interface listener started on 0.0.0.0:4723
2018-03-23 04:42:47:747 - info: [HTTP] --> POST /wd/hub/session {"desiredCapabilities":{"appPackage":"com.example.android.apis","appActivity":".view.Animation1","platformName":"Android","platformVersion":"8.0.0","deviceName":"6be7fe3e","app":"D:\\app\\com.example.android.apis_1.0.apk","noReset":"true","unicodeKeyboard":"true","resetKeyboard":"true"},"requiredCapabilities":{}}
2018-03-23 04:42:47:750 - info: [debug] [MJSONWP] Calling AppiumDriver.createSession() with args: [{"appPackage":"com.example.android.apis","appActivity":".view.Animation1","platformName":"Android","platformVersion":"8.0.0","deviceName":"6be7fe3e","app":"D:\\app\\com.example.android.apis_1.0.apk","noReset":"true","unicodeKeyboard":"true","resetKeyboard":"true"},{},null]
2018-03-23 04:42:47:753 - info: [debug] [BaseDriver] Event 'newSessionRequested' logged at 1521780167752 (12:42:47 GMT+0800 (中国标准时间))
2018-03-23 04:42:47:756 - info: [Appium] Creating new AndroidDriver (v1.20.0) session
2018-03-23 04:42:47:756 - info: [Appium] Capabilities:
2018-03-23 04:42:47:758 - info: [Appium]   appPackage: 'com.example.android.apis'
2018-03-23 04:42:47:758 - info: [Appium]   appActivity: '.view.Animation1'
2018-03-23 04:42:47:758 - info: [Appium]   platformName: 'Android'
2018-03-23 04:42:47:759 - info: [Appium]   platformVersion: '8.0.0'
2018-03-23 04:42:47:759 - info: [Appium]   deviceName: '6be7fe3e'
2018-03-23 04:42:47:759 - info: [Appium]   app: 'D:\\app\\com.example.android.apis_1.0.apk'
2018-03-23 04:42:47:759 - info: [Appium]   noReset: 'true'
2018-03-23 04:42:47:759 - info: [Appium]   unicodeKeyboard: 'true'
2018-03-23 04:42:47:759 - info: [Appium]   resetKeyboard: 'true'
2018-03-23 04:42:47:761 - info: [debug] [AndroidDriver] AndroidDriver version: 1.20.0
2018-03-23 04:42:47:764 - warn: [BaseDriver] Capability 'noReset' changed from string to boolean. This may cause unexpected behavior
2018-03-23 04:42:47:765 - warn: [BaseDriver] Capability 'unicodeKeyboard' changed from string to boolean. This may cause unexpected behavior
2018-03-23 04:42:47:765 - warn: [BaseDriver] Capability 'resetKeyboard' changed from string to boolean. This may cause unexpected behavior
2018-03-23 04:42:47:772 - info: [BaseDriver] Session created with session id: 918ba106-4c16-493c-b515-ded427442964
2018-03-23 04:42:47:815 - info: [debug] [AndroidDriver] Getting Java version
2018-03-23 04:42:48:040 - info: [AndroidDriver] Java version is: 1.8.0_101
2018-03-23 04:42:48:044 - info: [ADB] Checking whether adb is present
2018-03-23 04:42:48:049 - info: [ADB] Using adb.exe from D:\adt-bundle-windows\sdk\platform-tools\adb.exe
2018-03-23 04:42:48:050 - info: [AndroidDriver] Retrieving device list
2018-03-23 04:42:48:050 - info: [debug] [ADB] Trying to find a connected android device
2018-03-23 04:42:48:052 - info: [debug] [ADB] Getting connected devices...
2018-03-23 04:42:48:144 - info: [debug] [ADB] 1 device(s) connected
2018-03-23 04:42:48:144 - info: [AndroidDriver] Looking for a device with Android '8.0.0'
2018-03-23 04:42:48:145 - info: [debug] [ADB] Setting device id to 6be7fe3e
2018-03-23 04:42:48:145 - info: [ADB] Getting device platform version
2018-03-23 04:42:48:146 - info: [debug] [ADB] Getting connected devices...
2018-03-23 04:42:48:245 - info: [debug] [ADB] 1 device(s) connected
2018-03-23 04:42:48:248 - info: [debug] [ADB] Running 'D:\adt-bundle-windows\sdk\platform-tools\adb.exe' with args: ["-P",5037,"-s","6be7fe3e","shell","getprop","ro.build.version.release"]
2018-03-23 04:42:48:382 - info: [AndroidDriver] Using device: 6be7fe3e
2018-03-23 04:42:48:383 - info: [ADB] Checking whether adb is present
2018-03-23 04:42:48:387 - info: [ADB] Using adb.exe from D:\adt-bundle-windows\sdk\platform-tools\adb.exe
2018-03-23 04:42:48:388 - info: [debug] [ADB] Setting device id to 6be7fe3e
2018-03-23 04:42:48:389 - info: [BaseDriver] Using local app 'D:\app\com.example.android.apis_1.0.apk'
2018-03-23 04:42:48:389 - info: [debug] [AndroidDriver] Checking whether app is actually present
2018-03-23 04:42:48:390 - info: [AndroidDriver] Starting Android session
2018-03-23 04:42:48:392 - info: [debug] [ADB] Running 'D:\adt-bundle-windows\sdk\platform-tools\adb.exe' with args: ["-P",5037,"-s","6be7fe3e","wait-for-device"]
2018-03-23 04:42:48:537 - info: [debug] [ADB] Getting connected devices...
2018-03-23 04:42:48:682 - info: [debug] [ADB] 1 device(s) connected
2018-03-23 04:42:48:682 - info: [debug] [ADB] Running 'D:\adt-bundle-windows\sdk\platform-tools\adb.exe' with args: ["-P",5037,"-s","6be7fe3e","shell","echo","ping"]
2018-03-23 04:42:48:811 - info: [debug] [Logcat] Starting logcat capture
2018-03-23 04:42:48:945 - info: [debug] [AndroidDriver] Enabling Unicode keyboard support
2018-03-23 04:42:48:946 - info: [debug] [AndroidDriver] Pushing unicode ime to device...
2018-03-23 04:42:48:947 - info: [debug] [ADB] Running 'D:\adt-bundle-windows\sdk\platform-tools\adb.exe' with args: ["-P",5037,"-s","6be7fe3e","install","C:\\Users\\zengzhi\\AppData\\Roaming\\npm\\node_modules\\appium\\node_modules\\appium-android-ime\\bin\\UnicodeIME-debug.apk"]
2018-03-23 04:43:05:560 - info: [debug] [ADB] Running 'D:\adt-bundle-windows\sdk\platform-tools\adb.exe' with args: ["-P",5037,"-s","6be7fe3e","install","C:\\Users\\zengzhi\\AppData\\Roaming\\npm\\node_modules\\appium\\node_modules\\appium-android-ime\\bin\\UnicodeIME-debug.apk"]
