2018-03-23 05:00:28:086 - info: [Appium] Welcome to Appium v1.6.5
2018-03-23 05:00:28:089 - info: [Appium] Non-default server args:
2018-03-23 05:00:28:090 - info: [Appium]   log: D:\app\baseProject\src\log\AS20180323130022.log
2018-03-23 05:00:28:141 - info: [Appium] Appium REST http interface listener started on 0.0.0.0:4723
2018-03-23 05:00:37:839 - info: [HTTP] --> POST /wd/hub/session {"desiredCapabilities":{"appPackage":"com.example.android.apis","appActivity":".view.Animation1","platformName":"Android","platformVersion":"8.0.0","deviceName":"6be7fe3e","app":"D:\\app\\com.example.android.apis_1.0.apk","noReset":"true","unicodeKeyboard":"true","resetKeyboard":"true"},"requiredCapabilities":{}}
2018-03-23 05:00:37:842 - info: [debug] [MJSONWP] Calling AppiumDriver.createSession() with args: [{"appPackage":"com.example.android.apis","appActivity":".view.Animation1","platformName":"Android","platformVersion":"8.0.0","deviceName":"6be7fe3e","app":"D:\\app\\com.example.android.apis_1.0.apk","noReset":"true","unicodeKeyboard":"true","resetKeyboard":"true"},{},null]
2018-03-23 05:00:37:844 - info: [debug] [BaseDriver] Event 'newSessionRequested' logged at 1521781237844 (13:00:37 GMT+0800 (中国标准时间))
2018-03-23 05:00:37:848 - info: [Appium] Creating new AndroidDriver (v1.20.0) session
2018-03-23 05:00:37:848 - info: [Appium] Capabilities:
2018-03-23 05:00:37:850 - info: [Appium]   appPackage: 'com.example.android.apis'
2018-03-23 05:00:37:851 - info: [Appium]   appActivity: '.view.Animation1'
2018-03-23 05:00:37:851 - info: [Appium]   platformName: 'Android'
2018-03-23 05:00:37:851 - info: [Appium]   platformVersion: '8.0.0'
2018-03-23 05:00:37:851 - info: [Appium]   deviceName: '6be7fe3e'
2018-03-23 05:00:37:851 - info: [Appium]   app: 'D:\\app\\com.example.android.apis_1.0.apk'
2018-03-23 05:00:37:852 - info: [Appium]   noReset: 'true'
2018-03-23 05:00:37:852 - info: [Appium]   unicodeKeyboard: 'true'
2018-03-23 05:00:37:852 - info: [Appium]   resetKeyboard: 'true'
2018-03-23 05:00:37:853 - info: [debug] [AndroidDriver] AndroidDriver version: 1.20.0
2018-03-23 05:00:37:858 - warn: [BaseDriver] Capability 'noReset' changed from string to boolean. This may cause unexpected behavior
2018-03-23 05:00:37:858 - warn: [BaseDriver] Capability 'unicodeKeyboard' changed from string to boolean. This may cause unexpected behavior
2018-03-23 05:00:37:858 - warn: [BaseDriver] Capability 'resetKeyboard' changed from string to boolean. This may cause unexpected behavior
2018-03-23 05:00:37:864 - info: [BaseDriver] Session created with session id: f520ff4e-c34f-43dd-91fe-a930f49c2473
2018-03-23 05:00:37:909 - info: [debug] [AndroidDriver] Getting Java version
2018-03-23 05:00:38:104 - info: [AndroidDriver] Java version is: 1.8.0_101
2018-03-23 05:00:38:108 - info: [ADB] Checking whether adb is present
2018-03-23 05:00:38:118 - info: [ADB] Using adb.exe from D:\adt-bundle-windows\sdk\platform-tools\adb.exe
2018-03-23 05:00:38:118 - info: [AndroidDriver] Retrieving device list
2018-03-23 05:00:38:119 - info: [debug] [ADB] Trying to find a connected android device
2018-03-23 05:00:38:120 - info: [debug] [ADB] Getting connected devices...
2018-03-23 05:00:38:210 - info: [debug] [ADB] 1 device(s) connected
2018-03-23 05:00:38:210 - info: [AndroidDriver] Looking for a device with Android '8.0.0'
2018-03-23 05:00:38:210 - info: [debug] [ADB] Setting device id to 6be7fe3e
2018-03-23 05:00:38:211 - info: [ADB] Getting device platform version
2018-03-23 05:00:38:211 - info: [debug] [ADB] Getting connected devices...
2018-03-23 05:00:38:304 - info: [debug] [ADB] 1 device(s) connected
2018-03-23 05:00:38:307 - info: [debug] [ADB] Running 'D:\adt-bundle-windows\sdk\platform-tools\adb.exe' with args: ["-P",5037,"-s","6be7fe3e","shell","getprop","ro.build.version.release"]
2018-03-23 05:00:38:470 - info: [AndroidDriver] Using device: 6be7fe3e
2018-03-23 05:00:38:471 - info: [ADB] Checking whether adb is present
2018-03-23 05:00:38:474 - info: [ADB] Using adb.exe from D:\adt-bundle-windows\sdk\platform-tools\adb.exe
2018-03-23 05:00:38:474 - info: [debug] [ADB] Setting device id to 6be7fe3e
2018-03-23 05:00:38:475 - info: [BaseDriver] Using local app 'D:\app\com.example.android.apis_1.0.apk'
2018-03-23 05:00:38:476 - info: [debug] [AndroidDriver] Checking whether app is actually present
2018-03-23 05:00:38:477 - info: [AndroidDriver] Starting Android session
2018-03-23 05:00:38:479 - info: [debug] [ADB] Running 'D:\adt-bundle-windows\sdk\platform-tools\adb.exe' with args: ["-P",5037,"-s","6be7fe3e","wait-for-device"]
2018-03-23 05:00:38:591 - info: [debug] [ADB] Getting connected devices...
2018-03-23 05:00:38:693 - info: [debug] [ADB] 1 device(s) connected
2018-03-23 05:00:38:694 - info: [debug] [ADB] Running 'D:\adt-bundle-windows\sdk\platform-tools\adb.exe' with args: ["-P",5037,"-s","6be7fe3e","shell","echo","ping"]
2018-03-23 05:00:38:800 - info: [debug] [Logcat] Starting logcat capture
2018-03-23 05:00:38:933 - info: [debug] [AndroidDriver] Enabling Unicode keyboard support
2018-03-23 05:00:38:933 - info: [debug] [AndroidDriver] Pushing unicode ime to device...
2018-03-23 05:00:38:934 - info: [debug] [ADB] Running 'D:\adt-bundle-windows\sdk\platform-tools\adb.exe' with args: ["-P",5037,"-s","6be7fe3e","install","C:\\Users\\zengzhi\\AppData\\Roaming\\npm\\node_modules\\appium\\node_modules\\appium-android-ime\\bin\\UnicodeIME-debug.apk"]
2018-03-23 05:00:55:031 - info: [debug] [ADB] Running 'D:\adt-bundle-windows\sdk\platform-tools\adb.exe' with args: ["-P",5037,"-s","6be7fe3e","install","C:\\Users\\zengzhi\\AppData\\Roaming\\npm\\node_modules\\appium\\node_modules\\appium-android-ime\\bin\\UnicodeIME-debug.apk"]
