2018-03-23 09:02:22:905 - info: [Appium] Welcome to Appium v1.6.5
2018-03-23 09:02:22:908 - info: [Appium] Non-default server args:
2018-03-23 09:02:22:908 - info: [Appium]   log: D:\app\baseProject\src\log\AS20180323170216.log
2018-03-23 09:02:22:963 - info: [Appium] Appium REST http interface listener started on 0.0.0.0:4723
2018-03-23 09:02:31:859 - info: [HTTP] --> POST /wd/hub/session {"desiredCapabilities":{"appPackage":"com.urovo.wugumofang","appActivity":"com.urovo.activity.login.view.LoginActivity","platformName":"Android","platformVersion":"8.0.0","deviceName":"6be7fe3e","app":"D:\\app\\baseProject\\src\\apk\\TradeSteward.apk","noReset":"true","unicodeKeyboard":"true","resetKeyboard":"true"},"requiredCapabilities":{}}
2018-03-23 09:02:31:863 - info: [debug] [MJSONWP] Calling AppiumDriver.createSession() with args: [{"appPackage":"com.urovo.wugumofang","appActivity":"com.urovo.activity.login.view.LoginActivity","platformName":"Android","platformVersion":"8.0.0","deviceName":"6be7fe3e","app":"D:\\app\\baseProject\\src\\apk\\TradeSteward.apk","noReset":"true","unicodeKeyboard":"true","resetKeyboard":"true"},{},null]
2018-03-23 09:02:31:864 - info: [debug] [BaseDriver] Event 'newSessionRequested' logged at 1521795751864 (17:02:31 GMT+0800 (中国标准时间))
2018-03-23 09:02:31:868 - info: [Appium] Creating new AndroidDriver (v1.20.0) session
2018-03-23 09:02:31:868 - info: [Appium] Capabilities:
2018-03-23 09:02:31:870 - info: [Appium]   appPackage: 'com.urovo.wugumofang'
2018-03-23 09:02:31:870 - info: [Appium]   appActivity: 'com.urovo.activity.login.view.LoginActivity'
2018-03-23 09:02:31:870 - info: [Appium]   platformName: 'Android'
2018-03-23 09:02:31:871 - info: [Appium]   platformVersion: '8.0.0'
2018-03-23 09:02:31:871 - info: [Appium]   deviceName: '6be7fe3e'
2018-03-23 09:02:31:871 - info: [Appium]   app: 'D:\\app\\baseProject\\src\\apk\\TradeSteward.apk'
2018-03-23 09:02:31:871 - info: [Appium]   noReset: 'true'
2018-03-23 09:02:31:871 - info: [Appium]   unicodeKeyboard: 'true'
2018-03-23 09:02:31:871 - info: [Appium]   resetKeyboard: 'true'
2018-03-23 09:02:31:873 - info: [debug] [AndroidDriver] AndroidDriver version: 1.20.0
2018-03-23 09:02:31:882 - warn: [BaseDriver] Capability 'noReset' changed from string to boolean. This may cause unexpected behavior
2018-03-23 09:02:31:882 - warn: [BaseDriver] Capability 'unicodeKeyboard' changed from string to boolean. This may cause unexpected behavior
2018-03-23 09:02:31:882 - warn: [BaseDriver] Capability 'resetKeyboard' changed from string to boolean. This may cause unexpected behavior
2018-03-23 09:02:31:888 - info: [BaseDriver] Session created with session id: 2123efee-3c6c-4f88-9130-2483ff502e86
2018-03-23 09:02:31:939 - info: [debug] [AndroidDriver] Getting Java version
2018-03-23 09:02:32:182 - info: [AndroidDriver] Java version is: 1.8.0_101
2018-03-23 09:02:32:187 - info: [ADB] Checking whether adb is present
2018-03-23 09:02:32:195 - info: [ADB] Using adb.exe from D:\adt-bundle-windows\sdk\platform-tools\adb.exe
2018-03-23 09:02:32:196 - info: [AndroidDriver] Retrieving device list
2018-03-23 09:02:32:196 - info: [debug] [ADB] Trying to find a connected android device
2018-03-23 09:02:32:198 - info: [debug] [ADB] Getting connected devices...
2018-03-23 09:02:32:519 - info: [debug] [ADB] 1 device(s) connected
2018-03-23 09:02:32:519 - info: [AndroidDriver] Looking for a device with Android '8.0.0'
2018-03-23 09:02:32:520 - info: [debug] [ADB] Setting device id to 6be7fe3e
2018-03-23 09:02:32:520 - info: [ADB] Getting device platform version
2018-03-23 09:02:32:521 - info: [debug] [ADB] Getting connected devices...
2018-03-23 09:02:32:656 - info: [debug] [ADB] 1 device(s) connected
2018-03-23 09:02:32:659 - info: [debug] [ADB] Running 'D:\adt-bundle-windows\sdk\platform-tools\adb.exe' with args: ["-P",5037,"-s","6be7fe3e","shell","getprop","ro.build.version.release"]
2018-03-23 09:02:32:841 - info: [AndroidDriver] Using device: 6be7fe3e
2018-03-23 09:02:32:841 - info: [ADB] Checking whether adb is present
2018-03-23 09:02:32:862 - info: [ADB] Using adb.exe from D:\adt-bundle-windows\sdk\platform-tools\adb.exe
2018-03-23 09:02:32:862 - info: [debug] [ADB] Setting device id to 6be7fe3e
2018-03-23 09:02:32:863 - info: [BaseDriver] Using local app 'D:\app\baseProject\src\apk\TradeSteward.apk'
2018-03-23 09:02:32:864 - info: [debug] [AndroidDriver] Checking whether app is actually present
2018-03-23 09:02:32:865 - info: [AndroidDriver] Starting Android session
2018-03-23 09:02:32:866 - info: [debug] [ADB] Running 'D:\adt-bundle-windows\sdk\platform-tools\adb.exe' with args: ["-P",5037,"-s","6be7fe3e","wait-for-device"]
2018-03-23 09:02:33:109 - info: [debug] [ADB] Getting connected devices...
2018-03-23 09:02:33:393 - info: [debug] [ADB] 1 device(s) connected
2018-03-23 09:02:33:394 - info: [debug] [ADB] Running 'D:\adt-bundle-windows\sdk\platform-tools\adb.exe' with args: ["-P",5037,"-s","6be7fe3e","shell","echo","ping"]
2018-03-23 09:02:34:006 - info: [debug] [Logcat] Starting logcat capture
2018-03-23 09:02:34:245 - info: [debug] [AndroidDriver] Enabling Unicode keyboard support
2018-03-23 09:02:34:245 - info: [debug] [AndroidDriver] Pushing unicode ime to device...
2018-03-23 09:02:34:246 - info: [debug] [ADB] Running 'D:\adt-bundle-windows\sdk\platform-tools\adb.exe' with args: ["-P",5037,"-s","6be7fe3e","install","C:\\Users\\zengzhi\\AppData\\Roaming\\npm\\node_modules\\appium\\node_modules\\appium-android-ime\\bin\\UnicodeIME-debug.apk"]
