2018-03-23 06:55:05:136 - info: [Appium] Welcome to Appium v1.6.5
2018-03-23 06:55:05:139 - info: [Appium] Non-default server args:
2018-03-23 06:55:05:140 - info: [Appium]   log: D:\app\baseProject\src\log\AS20180323145459.log
2018-03-23 06:55:05:191 - info: [Appium] Appium REST http interface listener started on 0.0.0.0:4723
2018-03-23 06:55:14:924 - info: [HTTP] --> POST /wd/hub/session {"desiredCapabilities":{"appPackage":"com.urovo.wugumofang","appActivity":"com.urovo.wgmf.LoginActivity","platformName":"Android","platformVersion":"8.0.0","deviceName":"6be7fe3e","app":"D:\\app\\baseProject\\src\\apk\\TradeSteward.apk","noReset":"true","unicodeKeyboard":"true","resetKeyboard":"true"},"requiredCapabilities":{}}
2018-03-23 06:55:14:928 - info: [debug] [MJSONWP] Calling AppiumDriver.createSession() with args: [{"appPackage":"com.urovo.wugumofang","appActivity":"com.urovo.wgmf.LoginActivity","platformName":"Android","platformVersion":"8.0.0","deviceName":"6be7fe3e","app":"D:\\app\\baseProject\\src\\apk\\TradeSteward.apk","noReset":"true","unicodeKeyboard":"true","resetKeyboard":"true"},{},null]
2018-03-23 06:55:14:929 - info: [debug] [BaseDriver] Event 'newSessionRequested' logged at 1521788114929 (14:55:14 GMT+0800 (中国标准时间))
2018-03-23 06:55:14:933 - info: [Appium] Creating new AndroidDriver (v1.20.0) session
2018-03-23 06:55:14:933 - info: [Appium] Capabilities:
2018-03-23 06:55:14:935 - info: [Appium]   appPackage: 'com.urovo.wugumofang'
2018-03-23 06:55:14:935 - info: [Appium]   appActivity: 'com.urovo.wgmf.LoginActivity'
2018-03-23 06:55:14:936 - info: [Appium]   platformName: 'Android'
2018-03-23 06:55:14:936 - info: [Appium]   platformVersion: '8.0.0'
2018-03-23 06:55:14:936 - info: [Appium]   deviceName: '6be7fe3e'
2018-03-23 06:55:14:936 - info: [Appium]   app: 'D:\\app\\baseProject\\src\\apk\\TradeSteward.apk'
2018-03-23 06:55:14:936 - info: [Appium]   noReset: 'true'
2018-03-23 06:55:14:936 - info: [Appium]   unicodeKeyboard: 'true'
2018-03-23 06:55:14:937 - info: [Appium]   resetKeyboard: 'true'
2018-03-23 06:55:14:938 - info: [debug] [AndroidDriver] AndroidDriver version: 1.20.0
2018-03-23 06:55:14:942 - warn: [BaseDriver] Capability 'noReset' changed from string to boolean. This may cause unexpected behavior
2018-03-23 06:55:14:942 - warn: [BaseDriver] Capability 'unicodeKeyboard' changed from string to boolean. This may cause unexpected behavior
2018-03-23 06:55:14:942 - warn: [BaseDriver] Capability 'resetKeyboard' changed from string to boolean. This may cause unexpected behavior
2018-03-23 06:55:14:948 - info: [BaseDriver] Session created with session id: 72323a83-6b47-47ad-a452-b0fefcfa35da
2018-03-23 06:55:15:005 - info: [debug] [AndroidDriver] Getting Java version
2018-03-23 06:55:15:231 - info: [AndroidDriver] Java version is: 1.8.0_101
2018-03-23 06:55:15:234 - info: [ADB] Checking whether adb is present
2018-03-23 06:55:15:239 - info: [ADB] Using adb.exe from D:\adt-bundle-windows\sdk\platform-tools\adb.exe
2018-03-23 06:55:15:240 - info: [AndroidDriver] Retrieving device list
2018-03-23 06:55:15:240 - info: [debug] [ADB] Trying to find a connected android device
2018-03-23 06:55:15:241 - info: [debug] [ADB] Getting connected devices...
2018-03-23 06:55:15:344 - info: [debug] [ADB] 1 device(s) connected
2018-03-23 06:55:15:345 - info: [AndroidDriver] Looking for a device with Android '8.0.0'
2018-03-23 06:55:15:345 - info: [debug] [ADB] Setting device id to 6be7fe3e
2018-03-23 06:55:15:346 - info: [ADB] Getting device platform version
2018-03-23 06:55:15:346 - info: [debug] [ADB] Getting connected devices...
2018-03-23 06:55:15:449 - info: [debug] [ADB] 1 device(s) connected
2018-03-23 06:55:15:452 - info: [debug] [ADB] Running 'D:\adt-bundle-windows\sdk\platform-tools\adb.exe' with args: ["-P",5037,"-s","6be7fe3e","shell","getprop","ro.build.version.release"]
2018-03-23 06:55:15:629 - info: [AndroidDriver] Using device: 6be7fe3e
2018-03-23 06:55:15:630 - info: [ADB] Checking whether adb is present
2018-03-23 06:55:15:633 - info: [ADB] Using adb.exe from D:\adt-bundle-windows\sdk\platform-tools\adb.exe
2018-03-23 06:55:15:633 - info: [debug] [ADB] Setting device id to 6be7fe3e
2018-03-23 06:55:15:634 - info: [BaseDriver] Using local app 'D:\app\baseProject\src\apk\TradeSteward.apk'
2018-03-23 06:55:15:635 - info: [debug] [AndroidDriver] Checking whether app is actually present
2018-03-23 06:55:15:636 - info: [AndroidDriver] Starting Android session
2018-03-23 06:55:15:637 - info: [debug] [ADB] Running 'D:\adt-bundle-windows\sdk\platform-tools\adb.exe' with args: ["-P",5037,"-s","6be7fe3e","wait-for-device"]
2018-03-23 06:55:15:729 - info: [debug] [ADB] Getting connected devices...
2018-03-23 06:55:15:821 - info: [debug] [ADB] 1 device(s) connected
2018-03-23 06:55:15:821 - info: [debug] [ADB] Running 'D:\adt-bundle-windows\sdk\platform-tools\adb.exe' with args: ["-P",5037,"-s","6be7fe3e","shell","echo","ping"]
2018-03-23 06:55:15:981 - info: [debug] [Logcat] Starting logcat capture
2018-03-23 06:55:16:142 - info: [debug] [AndroidDriver] Enabling Unicode keyboard support
2018-03-23 06:55:16:142 - info: [debug] [AndroidDriver] Pushing unicode ime to device...
2018-03-23 06:55:16:143 - info: [debug] [ADB] Running 'D:\adt-bundle-windows\sdk\platform-tools\adb.exe' with args: ["-P",5037,"-s","6be7fe3e","install","C:\\Users\\zengzhi\\AppData\\Roaming\\npm\\node_modules\\appium\\node_modules\\appium-android-ime\\bin\\UnicodeIME-debug.apk"]
