2018-03-23 05:08:14:304 - info: [Appium] Welcome to Appium v1.6.5
2018-03-23 05:08:14:307 - info: [Appium] Non-default server args:
2018-03-23 05:08:14:307 - info: [Appium]   log: D:\app\baseProject\src\log\AS20180323130807.log
2018-03-23 05:08:14:359 - info: [Appium] Appium REST http interface listener started on 0.0.0.0:4723
2018-03-23 05:08:23:156 - info: [HTTP] --> POST /wd/hub/session {"desiredCapabilities":{"appPackage":"com.example.android.apis","appActivity":".view.Animation1","platformName":"Android","platformVersion":"8.0.0","deviceName":"6be7fe3e","app":"D:\\app\\com.example.android.apis_1.0.apk","noReset":"true","unicodeKeyboard":"true","resetKeyboard":"true"},"requiredCapabilities":{}}
2018-03-23 05:08:23:159 - info: [debug] [MJSONWP] Calling AppiumDriver.createSession() with args: [{"appPackage":"com.example.android.apis","appActivity":".view.Animation1","platformName":"Android","platformVersion":"8.0.0","deviceName":"6be7fe3e","app":"D:\\app\\com.example.android.apis_1.0.apk","noReset":"true","unicodeKeyboard":"true","resetKeyboard":"true"},{},null]
2018-03-23 05:08:23:161 - info: [debug] [BaseDriver] Event 'newSessionRequested' logged at 1521781703161 (13:08:23 GMT+0800 (中国标准时间))
2018-03-23 05:08:23:164 - info: [Appium] Creating new AndroidDriver (v1.20.0) session
2018-03-23 05:08:23:164 - info: [Appium] Capabilities:
2018-03-23 05:08:23:166 - info: [Appium]   appPackage: 'com.example.android.apis'
2018-03-23 05:08:23:166 - info: [Appium]   appActivity: '.view.Animation1'
2018-03-23 05:08:23:166 - info: [Appium]   platformName: 'Android'
2018-03-23 05:08:23:166 - info: [Appium]   platformVersion: '8.0.0'
2018-03-23 05:08:23:167 - info: [Appium]   deviceName: '6be7fe3e'
2018-03-23 05:08:23:167 - info: [Appium]   app: 'D:\\app\\com.example.android.apis_1.0.apk'
2018-03-23 05:08:23:167 - info: [Appium]   noReset: 'true'
2018-03-23 05:08:23:167 - info: [Appium]   unicodeKeyboard: 'true'
2018-03-23 05:08:23:167 - info: [Appium]   resetKeyboard: 'true'
2018-03-23 05:08:23:169 - info: [debug] [AndroidDriver] AndroidDriver version: 1.20.0
2018-03-23 05:08:23:173 - warn: [BaseDriver] Capability 'noReset' changed from string to boolean. This may cause unexpected behavior
2018-03-23 05:08:23:173 - warn: [BaseDriver] Capability 'unicodeKeyboard' changed from string to boolean. This may cause unexpected behavior
2018-03-23 05:08:23:173 - warn: [BaseDriver] Capability 'resetKeyboard' changed from string to boolean. This may cause unexpected behavior
2018-03-23 05:08:23:179 - info: [BaseDriver] Session created with session id: fcbfce70-518e-4e7a-959b-dbadde2843f8
2018-03-23 05:08:23:227 - info: [debug] [AndroidDriver] Getting Java version
2018-03-23 05:08:23:409 - info: [AndroidDriver] Java version is: 1.8.0_101
2018-03-23 05:08:23:413 - info: [ADB] Checking whether adb is present
2018-03-23 05:08:23:419 - info: [ADB] Using adb.exe from D:\adt-bundle-windows\sdk\platform-tools\adb.exe
2018-03-23 05:08:23:419 - info: [AndroidDriver] Retrieving device list
2018-03-23 05:08:23:419 - info: [debug] [ADB] Trying to find a connected android device
2018-03-23 05:08:23:420 - info: [debug] [ADB] Getting connected devices...
2018-03-23 05:08:23:504 - info: [debug] [ADB] 1 device(s) connected
2018-03-23 05:08:23:505 - info: [AndroidDriver] Looking for a device with Android '8.0.0'
2018-03-23 05:08:23:505 - info: [debug] [ADB] Setting device id to 6be7fe3e
2018-03-23 05:08:23:505 - info: [ADB] Getting device platform version
2018-03-23 05:08:23:506 - info: [debug] [ADB] Getting connected devices...
2018-03-23 05:08:23:602 - info: [debug] [ADB] 1 device(s) connected
2018-03-23 05:08:23:606 - info: [debug] [ADB] Running 'D:\adt-bundle-windows\sdk\platform-tools\adb.exe' with args: ["-P",5037,"-s","6be7fe3e","shell","getprop","ro.build.version.release"]
2018-03-23 05:08:23:741 - info: [AndroidDriver] Using device: 6be7fe3e
2018-03-23 05:08:23:742 - info: [ADB] Checking whether adb is present
2018-03-23 05:08:23:747 - info: [ADB] Using adb.exe from D:\adt-bundle-windows\sdk\platform-tools\adb.exe
2018-03-23 05:08:23:748 - info: [debug] [ADB] Setting device id to 6be7fe3e
2018-03-23 05:08:23:749 - info: [BaseDriver] Using local app 'D:\app\com.example.android.apis_1.0.apk'
2018-03-23 05:08:23:749 - info: [debug] [AndroidDriver] Checking whether app is actually present
2018-03-23 05:08:23:750 - info: [AndroidDriver] Starting Android session
2018-03-23 05:08:23:752 - info: [debug] [ADB] Running 'D:\adt-bundle-windows\sdk\platform-tools\adb.exe' with args: ["-P",5037,"-s","6be7fe3e","wait-for-device"]
2018-03-23 05:08:23:850 - info: [debug] [ADB] Getting connected devices...
2018-03-23 05:08:23:945 - info: [debug] [ADB] 1 device(s) connected
2018-03-23 05:08:23:946 - info: [debug] [ADB] Running 'D:\adt-bundle-windows\sdk\platform-tools\adb.exe' with args: ["-P",5037,"-s","6be7fe3e","shell","echo","ping"]
2018-03-23 05:08:24:063 - info: [debug] [Logcat] Starting logcat capture
2018-03-23 05:08:24:193 - info: [debug] [AndroidDriver] Enabling Unicode keyboard support
2018-03-23 05:08:24:194 - info: [debug] [AndroidDriver] Pushing unicode ime to device...
2018-03-23 05:08:24:194 - info: [debug] [ADB] Running 'D:\adt-bundle-windows\sdk\platform-tools\adb.exe' with args: ["-P",5037,"-s","6be7fe3e","install","C:\\Users\\zengzhi\\AppData\\Roaming\\npm\\node_modules\\appium\\node_modules\\appium-android-ime\\bin\\UnicodeIME-debug.apk"]
2018-03-23 05:08:39:787 - info: [debug] [ADB] Running 'D:\adt-bundle-windows\sdk\platform-tools\adb.exe' with args: ["-P",5037,"-s","6be7fe3e","install","C:\\Users\\zengzhi\\AppData\\Roaming\\npm\\node_modules\\appium\\node_modules\\appium-android-ime\\bin\\UnicodeIME-debug.apk"]
